[debug] [2025-07-08T01:02:22.281Z] ----------------------------------------------------------------------
[debug] [2025-07-08T01:02:22.284Z] Command:       /opt/homebrew/Cellar/node/21.2.0/bin/node /opt/homebrew/bin/firebase init hosting
[debug] [2025-07-08T01:02:22.285Z] CLI Version:   14.9.0
[debug] [2025-07-08T01:02:22.285Z] Platform:      darwin
[debug] [2025-07-08T01:02:22.285Z] Node Version:  v21.2.0
[debug] [2025-07-08T01:02:22.285Z] Time:          Tue Jul 08 2025 04:02:22 GMT+0300 (East Africa Time)
[debug] [2025-07-08T01:02:22.285Z] ----------------------------------------------------------------------
[debug] 
[debug] [2025-07-08T01:02:22.378Z] > command requires scopes: ["email","openid","https://www.googleapis.com/auth/cloudplatformprojects.readonly","https://www.googleapis.com/auth/firebase","https://www.googleapis.com/auth/cloud-platform"]
[debug] [2025-07-08T01:02:22.379Z] > authorizing via signed-in user (ianmwai032@gmail.com)
[info] 
     ######## #### ########  ######## ########     ###     ######  ########
     ##        ##  ##     ## ##       ##     ##  ##   ##  ##       ##
     ######    ##  ########  ######   ########  #########  ######  ######
     ##        ##  ##    ##  ##       ##     ## ##     ##       ## ##
     ##       #### ##     ## ######## ########  ##     ##  ######  ########

You're about to initialize a Firebase project in this directory:

  /Users/iantoyota/Desktop/resume-builder

Before we get started, keep in mind:

  * You are initializing within an existing Firebase project directory

[info] 
=== Project Setup
[info] 
[info] First, let's associate this project directory with a Firebase project.
[info] You can create multiple project aliases by running firebase use --add, 
[info] but for now we'll just set up a default project.
[info] 
[debug] [2025-07-08T01:02:22.380Z] Using project from CLI flag: resume-builder-ian
[debug] [2025-07-08T01:02:22.381Z] Checked if tokens are valid: true, expires at: 1751939434851
[debug] [2025-07-08T01:02:22.381Z] Checked if tokens are valid: true, expires at: 1751939434851
[debug] [2025-07-08T01:02:22.381Z] >>> [apiv2][query] GET https://firebase.googleapis.com/v1beta1/projects/resume-builder-ian [none]
[debug] [2025-07-08T01:02:22.866Z] <<< [apiv2][status] GET https://firebase.googleapis.com/v1beta1/projects/resume-builder-ian 200
[debug] [2025-07-08T01:02:22.866Z] <<< [apiv2][body] GET https://firebase.googleapis.com/v1beta1/projects/resume-builder-ian {"projectId":"resume-builder-ian","projectNumber":"408848087783","displayName":"resume-builder-ian","name":"projects/resume-builder-ian","resources":{"hostingSite":"resume-builder-ian","realtimeDatabaseInstance":"resume-builder-ian-default-rtdb"},"state":"ACTIVE","etag":"1_e45da54f-ce68-4f6b-b7a6-9ea14dc88222"}
[info] i  Using project resume-builder-ian (resume-builder-ian) 
[info] 
=== Hosting Setup
[debug] [2025-07-08T01:02:22.892Z] Checked if tokens are valid: true, expires at: 1751939434851
[debug] [2025-07-08T01:02:22.892Z] Checked if tokens are valid: true, expires at: 1751939434851
[debug] [2025-07-08T01:02:22.892Z] >>> [apiv2][query] GET https://firebase.googleapis.com/v1beta1/projects/resume-builder-ian [none]
[debug] [2025-07-08T01:02:23.231Z] <<< [apiv2][status] GET https://firebase.googleapis.com/v1beta1/projects/resume-builder-ian 200
[debug] [2025-07-08T01:02:23.231Z] <<< [apiv2][body] GET https://firebase.googleapis.com/v1beta1/projects/resume-builder-ian {"projectId":"resume-builder-ian","projectNumber":"408848087783","displayName":"resume-builder-ian","name":"projects/resume-builder-ian","resources":{"hostingSite":"resume-builder-ian","realtimeDatabaseInstance":"resume-builder-ian-default-rtdb"},"state":"ACTIVE","etag":"1_e45da54f-ce68-4f6b-b7a6-9ea14dc88222"}
[info] 
[info] Your public directory is the folder (relative to your project directory) that
[info] will contain Hosting assets to be uploaded with firebase deploy. If you
[info] have a build process for your assets, use your build's output directory.
[info] 
[debug] [2025-07-08T01:02:33.679Z] ExitPromptError: User force closed the prompt with SIGINT
    at Interface.sigint (/opt/homebrew/lib/node_modules/firebase-tools/node_modules/@inquirer/core/dist/commonjs/lib/create-prompt.js:101:37)
    at Interface.emit (node:events:519:28)
    at Interface.emit (node:domain:488:12)
    at [_ttyWrite] [as _ttyWrite] (node:internal/readline/interface:1125:18)
    at ReadStream.onkeypress (node:internal/readline/interface:264:20)
    at ReadStream.emit (node:events:531:35)
    at ReadStream.emit (node:domain:488:12)
    at emitKeys (node:internal/readline/utils:371:14)
    at emitKeys.next (<anonymous>)
    at ReadStream.onData (node:internal/readline/emitKeypressEvents:64:36)
[error] 
[error] Error: An unexpected error has occurred.
